1529906714835	geckodriver	INFO	geckodriver 0.21.0
1529906714851	geckodriver	INFO	Listening on 127.0.0.1:57102
1529906718351	mozrunner::runner	INFO	Running command: "C:\\Program Files\\Mozilla Firefox\\firefox.exe" "-marionette" "-foreground" "-no-remote" "-profile" "C:\\Users\\NILABJ~1.SAN\\AppData\\Local\\Temp\\rust_mozprofile.PX9kMV4hHULd"
Unable to read VR Path Registry from C:\Users\nilabjo.sanyal\AppData\Local\openvr\openvrpaths.vrpath
Unable to read VR Path Registry from C:\Users\nilabjo.sanyal\AppData\Local\openvr\openvrpaths.vrpath
Unable to read VR Path Registry from C:\Users\nilabjo.sanyal\AppData\Local\openvr\openvrpaths.vrpath
Unable to read VR Path Registry from C:\Users\nilabjo.sanyal\AppData\Local\openvr\openvrpaths.vrpath
Unable to read VR Path Registry from C:\Users\nilabjo.sanyal\AppData\Local\openvr\openvrpaths.vrpath
1529906739415	Marionette	INFO	Listening on port 57111
1529906739474	Marionette	WARN	TLS certificate errors will be ignored for this session
[Parent 10688, Gecko_IOThread] WARNING: pipe error: 109: file z:/build/build/src/ipc/chromium/src/chrome/common/ipc_channel_win.cc, line 346
[Child 14256, Chrome_ChildThread] WARNING: pipe error: 109: file z:/build/build/src/ipc/chromium/src/chrome/common/ipc_channel_win.cc, line 346
[Child 14256, Chrome[Parent 10688, Gecko_IOThread] WARNING: pipe error: 109: file z:/build/build/src/ipc/chromium/src/chrome/common/ipc_channel_win.cc, line 346
[Parent 10688, Gecko_IOThread] WARNING: pipe error: 109: file z:/build/build/src/ipc/chromium/src/chrome/common/ipc_channel_win.cc, line 346
JavaScript error: resource://gre/modules/Sqlite.jsm, line 826: Error: Connection is not open.
*** UTM:SVC TimerManager:registerTimer called after profile-before-change notification. Ignoring timer registration for id: telemetry_modules_ping

###!!! [Child][MessageChannel::SendAndWait] Error: Channel error: cannot send/recv

1529907334365	geckodriver	INFO	geckodriver 0.21.0
1529907334398	geckodriver	INFO	Listening on 127.0.0.1:57396
1529907337116	mozrunner::runner	INFO	Running command: "C:\\Program Files\\Mozilla Firefox\\firefox.exe" "-marionette" "-foreground" "-no-remote" "-profile" "C:\\Users\\NILABJ~1.SAN\\AppData\\Local\\Temp\\rust_mozprofile.StC4uRVyjp3q"
Unable to read VR Path Registry from C:\Users\nilabjo.sanyal\AppData\Local\openvr\openvrpaths.vrpath
Unable to read VR Path Registry from C:\Users\nilabjo.sanyal\AppData\Local\openvr\openvrpaths.vrpath
Unable to read VR Path Registry from C:\Users\nilabjo.sanyal\AppData\Local\openvr\openvrpaths.vrpath
1529907361898	Marionette	INFO	Listening on port 57404
[Child 224, Chrome_ChildThread] WARNING: pipe error: 109: file z:/build/build/src/ipc/chromium/src/chrome/common/ipc_channel_win.cc, line 346
[Child 224, Ch1529907362345	Marionette	WARN	TLS certificate errors will be ignored for this session
Unable to read VR Path Registry from C:\Users\nilabjo.sanyal\AppData\Local\openvr\openvrpaths.vrpath
Unable to read VR Path Registry from C:\Users\nilabjo.sanyal\AppData\Local\openvr\openvrpaths.vrpath
Unable to read VR Path Registry from C:\Users\nilabjo.sanyal\AppData\Local\openvr\openvrpaths.vrpath
console.warn: LoginRecipes: getRecipes: falling back to a synchronous message for: https://federation-sts.accenture.com
console.warn: nsLoginManager: searchLogins: `formSubmitURL` or `httpRealm` is recommended
[Child 15104, Chrome_ChildThread] WARNING: pipe error: 109: file z:/build/build/src/ipc/chromium/src/chrome/common/ipc_channel_win.cc, line 346
[Child 15104, Chrome_ChildThread] WARNING: pipe error: 109: file z:/build/[Child 5300, Chrome_ChildThread] WARNING: pipe error: 109: file z:/build/build/src/ipc/chromium/src/chrome/common/ipc_channel_win.cc, line 346
[Child 5300, Chrome_ChildThread] WARNING: pipe error: 1
###!!! [Child][MessageChannel::SendAndWait] Error: Channel error: cannot send/recv

1529907977934	geckodriver	INFO	geckodriver 0.21.0
1529907977950	geckodriver	INFO	Listening on 127.0.0.1:57671
1529907980979	mozrunner::runner	INFO	Running command: "C:\\Program Files\\Mozilla Firefox\\firefox.exe" "-marionette" "-foreground" "-no-remote" "-profile" "C:\\Users\\NILABJ~1.SAN\\AppData\\Local\\Temp\\rust_mozprofile.qqq7WjuTgik8"
Unable to read VR Path Registry from C:\Users\nilabjo.sanyal\AppData\Local\openvr\openvrpaths.vrpath
Unable to read VR Path Registry from C:\Users\nilabjo.sanyal\AppData\Local\openvr\openvrpaths.vrpath
Unable to read VR Path Registry from C:\Users\nilabjo.sanyal\AppData\Local\openvr\openvrpaths.vrpath
Unable to read VR Path Registry from C:\Users\nilabjo.sanyal\AppData\Local\openvr\openvrpaths.vrpath
[Parent 2608, Gecko_IOThread] WARNING: pipe error: 109: file z:/build/build/src/ipc/chromium/src/chrome/common/ipc_channel_win.cc, line 346
[Child 9272, Chrome_ChildThread] WARNING: pipe error: 109: file z:/build/build/src/ipc/chromium/src/chrome/common/ipc_channel_win.cc, line 346
[Child 9272, Chrome_ChildThread] WARN1529907991676	Marionette	INFO	Listening on port 57679

###!!! [Parent][MessageChannel] Error: (msgtype=0x2C0054,name=PContent::Msg_ProvideAnonymousTemporaryFile) Closed channel: cannot send/recv

1529907992430	Marionette	WARN	TLS certificate errors will be ignored for this session
Unable to read VR Path Registry from C:\Users\nilabjo.sanyal\AppData\Local\openvr\openvrpaths.vrpath
Unable to read VR Path Registry from C:\Users\nilabjo.sanyal\AppData\Local\openvr\openvrpaths.vrpath
[Parent 2608, Gecko_IOThread] WARNING: pipe error: 109: file z:/build/build/src/ipc/chromium/src/chrome/common/ipc_channel_win.cc, line 346
[Child 9380, Chrome_ChildThread] WARNING: pipe error: 109: file z:/build/build/src/ipc/chromium/src/chrome/common/ipc_channel_win.cc, line 346
[Child 9380, Chrome_ChildThrea[Parent 2608, Gecko_IOThread] WARNING: pipe error: 109: file z:/build/build/src/ipc/chromium/src/chrome/common/ipc_channel_win.cc, line 346
[Child 9232, Chrome_ChildThread] WARNING: pipe error: 109: file z:/build/build/src/ipc/chromium/src/chrome/common/ipc_channel_win.cc, line 346
[Child 9232, Chro[Parent 2608, Gecko_IOThread] WARNING: pipe error: 109: file z:/build/build/src/ipc/chromium/src/chrome/common/ipc_channel_win.cc, line 346
[Child 16396, Chrome_ChildThread] WARNING: pipe error: 109: file z:/build/build/src/ipc/chromium/src/chrome/common/ipc_channel_win.cc, line 346
[Child 16396, Chrome_ChildThread] WARNING: pipe error: 109: file z:/b
###!!! [Child][MessageChannel::SendAndWait] Error: Channel error: cannot send/recv

/build/build/src/ipc/chromium/src/chrome/common/ipc_channel_win.cc, line 346
[Child 20044, Chrome_ChildThread] WARNING: pipe error: 109: file z:/build/build/src/ipc/chromium/src/chrome/common/ipc_channel_win.cc, line 346
[Child 20044[Parent 18936, Gecko_IOThread] WARNING: pipe error: 109: file z:/build/build/src/ipc/chromium/src/chrome/common/ipc_channel_win.cc, line 346
[Child 18640, Chrome_ChildThread] WARNING: pipe error: 109: file z:/build/build/src/ipc/chromium/src/chrome/common/ipc_channel_win.cc, line 346
[Child 18640, C[Parent 18936, Gecko_IOThread] WARNING: pipe error: 109: file z:/build/build/src/ipc/chromium/src/chrome/common/ipc_channel_win.cc, line 346
[Child 11308, Chrome_ChildThread] WARNING: pipe error: 109: file z:/build/build/src/ipc/chromium/src/chrome/common/ipc_channel_win.cc, line 346
[Child 11308*** UTM:SVC TimerManager:registerTimer called after profile-before-change notification. Ignoring timer registration for id: telemetry_modules_ping

###!!! [Child][MessageChannel::SendAndWait] Error: Channel error: cannot send/recv

1529908732555	geckodriver	INFO	geckodriver 0.21.0
1529908732556	geckodriver	INFO	Listening on 127.0.0.1:58001
1529908735598	mozrunner::runner	INFO	Running command: "C:\\Program Files\\Mozilla Firefox\\firefox.exe" "-marionette" "-foreground" "-no-remote" "-profile" "C:\\Users\\NILABJ~1.SAN\\AppData\\Local\\Temp\\rust_mozprofile.KiCIvJiemzxj"
Unable to read VR Path Registry from C:\Users\nilabjo.sanyal\AppData\Local\openvr\openvrpaths.vrpath
Unable to read VR Path Registry from C:\Users\nilabjo.sanyal\AppData\Local\openvr\openvrpaths.vrpath
Unable to read VR Path Registry from C:\Users\nilabjo.sanyal\AppData\Local\openvr\openvrpaths.vrpath
Unable to read VR Path Registry from C:\Users\nilabjo.sanyal\AppData\Local\openvr\openvrpaths.vrpath
1529908743640	Marionette	INFO	Listening on port 58009
Unable to read VR Path Registry from C:\Users\nilabjo.sanyal\AppData\Local\openvr\openvrpaths.vrpath
1529908744030	Marionette	WARN	TLS certificate errors will be ignored for this session
console.warn: LoginRecipes: getRecipes: falling back to a synchronous message for: https://federation-sts.accenture.com
console.warn: nsLoginManager: searchLogins: `formSubmitURL` or `httpRealm` is recommended
console.warn: "Got a mutation for an unexpected actor: server1.conn0.child1/domnode72, please file a bug on bugzilla.mozilla.org!"
console.trace: 
resource://devtools/shared/base-loader.js -> resource://devtools/shared/fronts/inspector.js 309 WalkerFront<.getMutations</<
resource://gre/modules/Promise.jsm -> resource://gre/modules/Promise-backend.js 928 process
resource://gre/modules/Promise.jsm -> resource://gre/modules/Promise-backend.js 812 walkerLoop
resource://gre/modules/Promise.jsm -> resource://gre/modules/Promise-backend.js 748 scheduleWalkerLoop/<
console.warn: "Got a mutation for an unexpected actor: server1.conn0.child1/domnode76, please file a bug on bugzilla.mozilla.org!"
console.trace: 
resource://devtools/shared/base-loader.js -> resource://devtools/shared/fronts/inspector.js 309 WalkerFront<.getMutations</<
resource://gre/modules/Promise.jsm -> resource://gre/modules/Promise-backend.js 928 process
resource://gre/modules/Promise.jsm -> resource://gre/modules/Promise-backend.js 812 walkerLoop
resource://gre/modules/Promise.jsm -> resource://gre/modules/Promise-backend.js 748 scheduleWalkerLoop/<
console.warn: "Got a mutation for an unexpected actor: server1.conn0.child1/domnode63, please file a bug on bugzilla.mozilla.org!"
console.trace: 
resource://devtools/shared/base-loader.js -> resource://devtools/shared/fronts/inspector.js 309 WalkerFront<.getMutations</<
resource://gre/modules/Promise.jsm -> resource://gre/modules/Promise-backend.js 928 process
resource://gre/modules/Promise.jsm -> resource://gre/modules/Promise-backend.js 812 walkerLoop
resource://gre/modules/Promise.jsm -> resource://gre/modules/Promise-backend.js 748 scheduleWalkerLoop/<
console.warn: "Got a mutation for an unexpected actor: server1.conn0.child1/domnode164, please file a bug on bugzilla.mozilla.org!"
console.trace: 
resource://devtools/shared/base-loader.js -> resource://devtools/shared/fronts/inspector.js 309 WalkerFront<.getMutations</<
resource://gre/modules/Promise.jsm -> resource://gre/modules/Promise-backend.js 928 process
resource://gre/modules/Promise.jsm -> resource://gre/modules/Promise-backend.js 812 walkerLoop
resource://gre/modules/Promise.jsm -> resource://gre/modules/Promise-backend.js 748 scheduleWalkerLoop/<
console.warn: "Got a mutation for an unexpected actor: server1.conn0.child1/domnode230, please file a bug on bugzilla.mozilla.org!"
console.trace: 
resource://devtools/shared/base-loader.js -> resource://devtools/shared/fronts/inspector.js 309 WalkerFront<.getMutations</<
resource://gre/modules/Promise.jsm -> resource://gre/modules/Promise-backend.js 928 process
resource://gre/modules/Promise.jsm -> resource://gre/modules/Promise-backend.js 812 walkerLoop
resource://gre/modules/Promise.jsm -> resource://gre/modules/Promise-backend.js 748 scheduleWalkerLoop/<
console.warn: "Got a mutation for an unexpected actor: server1.conn0.child1/domnode295, please file a bug on bugzilla.mozilla.org!"
console.trace: 
resource://devtools/shared/base-loader.js -> resource://devtools/shared/fronts/inspector.js 309 WalkerFront<.getMutations</<
resource://gre/modules/Promise.jsm -> resource://gre/modules/Promise-backend.js 928 process
resource://gre/modules/Promise.jsm -> resource://gre/modules/Promise-backend.js 812 walkerLoop
resource://gre/modules/Promise.jsm -> resource://gre/modules/Promise-backend.js 748 scheduleWalkerLoop/<
console.error: (new TypeError("can't access dead object", "resource://devtools/shared/base-loader.js -> resource://devtools/shared/inspector/css-logic.js", 494))
getBindingElementAndPseudo@resource://devtools/shared/base-loader.js -> resource://devtools/shared/inspector/css-logic.js:494:1
_getAllElementRules@resource://devtools/shared/base-loader.js -> resource://devtools/server/actors/styles.js:514:9
getApplied@resource://devtools/shared/base-loader.js -> resource://devtools/server/actors/styles.js:466:30
handler@resource://devtools/shared/base-loader.js -> resource://devtools/shared/protocol.js:1106:19
onPacket@resource://devtools/shared/base-loader.js -> resource://devtools/server/main.js:1769:15
receiveMessage@resource://devtools/shared/base-loader.js -> resource://devtools/shared/transport/transport.js:760:7
console.error: "Protocol error (unknownError): can't access dead object"
console.error: "Protocol error (unknownError): can't access dead object"
Handler function NetworkEventActorProxy.addSecurityInfo threw an exception: [Exception... "Component returned failure code: 0xc1f30001 (NS_ERROR_NOT_INITIALIZED) [nsIMessageSender.sendAsyncMessage]"  nsresult: "0xc1f30001 (NS_ERROR_NOT_INITIALIZED)"  location: "JS frame :: resource://devtools/shared/base-loader.js -> resource://devtools/shared/webconsole/network-monitor.js :: NetworkEventActorProxy.methodFactory/< :: line 1875"  data: no]
Stack: NetworkEventActorProxy.methodFactory/<@resource://devtools/shared/base-loader.js -> resource://devtools/shared/webconsole/network-monitor.js:1875:5
exports.makeInfallible/<@resource://devtools/shared/base-loader.js -> resource://devtools/shared/ThreadSafeDevToolsUtils.js:109:14
NetworkResponseListener.prototype._getSecurityInfo<@resource://devtools/shared/base-loader.js -> resource://devtools/shared/webconsole/network-monitor.js:521:5
exports.makeInfallible/<@resource://devtools/shared/base-loader.js -> resource://devtools/shared/ThreadSafeDevToolsUtils.js:109:14
onStartRequest@resource://devtools/shared/base-loader.js -> resource://devtools/shared/webconsole/network-monitor.js:441:5
Line: 1875, column: 0
console.error: "Handler function NetworkEventActorProxy.addSecurityInfo threw an exception: [Exception... \"Component returned failure code: 0xc1f30001 (NS_ERROR_NOT_INITIALIZED) [nsIMessageSender.sendAsyncMessage]\"  nsresult: \"0xc1f30001 (NS_ERROR_NOT_INITIALIZED)\"  location: \"JS frame :: resource://devtools/shared/base-loader.js -> resource://devtools/shared/webconsole/network-monitor.js :: NetworkEventActorProxy.methodFactory/< :: line 1875\"  data: no]\nStack: NetworkEventActorProxy.methodFactory/<@resource://devtools/shared/base-loader.js -> resource://devtools/shared/webconsole/network-monitor.js:1875:5\nexports.makeInfallible/<@resource://devtools/shared/base-loader.js -> resource://devtools/shared/ThreadSafeDevToolsUtils.js:109:14\nNetworkResponseListener.prototype._getSecurityInfo<@resource://devtools/shared/base-loader.js -> resource://devtools/shared/webconsole/network-monitor.js:521:5\nexports.makeInfallible/<@resource://devtools/shared/base-loader.js -> resource://devtools/shared/ThreadSafeDevToolsUtils.js:109:14\nonStartRequest@resource://devtools/shared/base-loader.js -> resource://devtools/shared/webconsole/network-monitor.js:441:5\nLine: 1875, column: 0"
Handler function NetworkEventActorProxy.addResponseContent threw an exception: [Exception... "Component returned failure code: 0xc1f30001 (NS_ERROR_NOT_INITIALIZED) [nsIMessageSender.sendAsyncMessage]"  nsresult: "0xc1f30001 (NS_ERROR_NOT_INITIALIZED)"  location: "JS frame :: resource://devtools/shared/base-loader.js -> resource://devtools/shared/webconsole/network-monitor.js :: NetworkEventActorProxy.methodFactory/< :: line 1875"  data: no]
Stack: NetworkEventActorProxy.methodFactory/<@resource://devtools/shared/base-loader.js -> resource://devtools/shared/webconsole/network-monitor.js:1875:5
exports.makeInfallible/<@resource://devtools/shared/base-loader.js -> resource://devtools/shared/ThreadSafeDevToolsUtils.js:109:14
_onComplete@resource://devtools/shared/base-loader.js -> resource://devtools/shared/webconsole/network-monitor.js:651:5
onStreamClose@resource://devtools/shared/base-loader.js -> resource://devtools/shared/webconsole/network-monitor.js:608:7
onInputStreamReady@resource://devtools/shared/base-loader.js -> resource://devtools/shared/webconsole/network-monitor.js:702:7
Line: 1875, column: 0
console.error: "Handler function NetworkEventActorProxy.addResponseContent threw an exception: [Exception... \"Component returned failure code: 0xc1f30001 (NS_ERROR_NOT_INITIALIZED) [nsIMessageSender.sendAsyncMessage]\"  nsresult: \"0xc1f30001 (NS_ERROR_NOT_INITIALIZED)\"  location: \"JS frame :: resource://devtools/shared/base-loader.js -> resource://devtools/shared/webconsole/network-monitor.js :: NetworkEventActorProxy.methodFactory/< :: line 1875\"  data: no]\nStack: NetworkEventActorProxy.methodFactory/<@resource://devtools/shared/base-loader.js -> resource://devtools/shared/webconsole/network-monitor.js:1875:5\nexports.makeInfallible/<@resource://devtools/shared/base-loader.js -> resource://devtools/shared/ThreadSafeDevToolsUtils.js:109:14\n_onComplete@resource://devtools/shared/base-loader.js -> resource://devtools/shared/webconsole/network-monitor.js:651:5\nonStreamClose@resource://devtools/shared/base-loader.js -> resource://devtools/shared/webconsole/network-monitor.js:608:7\nonInputStreamReady@resource://devtools/shared/base-loader.js -> resource://devtools/shared/webconsole/network-monitor.js:702:7\nLine: 1875, column: 0"
[Parent 16800, Gecko_IOThread] WARNING: pipe error: 109: file z:/build/build/src/ipc/chromium/src/chrome/common/ipc_channel_win.cc, line 346
[Ch[Parent 16800, Gecko_IOThread] WARNING: pipe error: 109: file z:/build/build/src/ipc/chromium/src/chrome/common/ipc_channel_win.cc, line 346
[Child 19472, Chrome_ChildThread] WARNING: pipe error: 109: file z:/build/build/src/ipc/chromium/src/chrome/common/ipc_channel_win.cc, line 346
[Child 19472
###!!! [Child][MessageChannel::SendAndWait] Error: Channel error: cannot send/recv

1529910300046	geckodriver	INFO	geckodriver 0.21.0
1529910300061	geckodriver	INFO	Listening on 127.0.0.1:49408
1529910303088	mozrunner::runner	INFO	Running command: "C:\\Program Files\\Mozilla Firefox\\firefox.exe" "-marionette" "-foreground" "-no-remote" "-profile" "C:\\Users\\NILABJ~1.SAN\\AppData\\Local\\Temp\\rust_mozprofile.dC1XgOZOmGvT"
Unable to read VR Path Registry from C:\Users\nilabjo.sanyal\AppData\Local\openvr\openvrpaths.vrpath
Unable to read VR Path Registry from C:\Users\nilabjo.sanyal\AppData\Local\openvr\openvrpaths.vrpath
Unable to read VR Path Registry from C:\Users\nilabjo.sanyal\AppData\Local\openvr\openvrpaths.vrpath
Unable to read VR Path Registry from C:\Users\nilabjo.sanyal\AppData\Local\openvr\openvrpaths.vrpath
Unable to read VR Path Registry from C:\Users\nilabjo.sanyal\AppData\Local\openvr\openvrpaths.vrpath
1529910310522	Marionette	INFO	Listening on port 49418
1529910311046	Marionette	WARN	TLS certificate errors will be ignored for this session
[Parent 16044, Gecko_IOThread] WARNING: pipe error: 109: file z:/build/build/src/ipc/chromium/src/chrome/common/ipc_channel_win.cc, line 346
[Child 17972, Chrome_ChildThread] WARNING: pipe error: 109: file z:/build/build/src/ipc/chromium/src/chrome/common/ipc_channel_win.cc, line 346
[Child 17972, Ch[Parent 16044, Gecko_IOThread] WARNING: pipe error: 109: file z:/build/build/src/ipc/chromium/src/chrome/common/ipc_channel_win.cc, line 346
[Parent 16044, Gecko_IOThread] WARNING: pipe error: 109: file z:/build/build/src/ipc/chromium/src/chrome/common/ipc_channel_win.cc, line 346
[Child 17720, Chrome_ChildThread] WARNING: pipe error: 109: file z:/build/build/src/ipc/chromium/src/chrome/common/ipc_channel_win.cc, line 346
[Child 17
###!!! [Child][MessageChannel::SendAndWait] Error: Channel error: cannot send/recv

1529910696480	geckodriver	INFO	geckodriver 0.21.0
1529910696492	geckodriver	INFO	Listening on 127.0.0.1:49963
1529910699556	mozrunner::runner	INFO	Running command: "C:\\Program Files\\Mozilla Firefox\\firefox.exe" "-marionette" "-foreground" "-no-remote" "-profile" "C:\\Users\\NILABJ~1.SAN\\AppData\\Local\\Temp\\rust_mozprofile.OHeFYllmNzmG"
Unable to read VR Path Registry from C:\Users\nilabjo.sanyal\AppData\Local\openvr\openvrpaths.vrpath
Unable to read VR Path Registry from C:\Users\nilabjo.sanyal\AppData\Local\openvr\openvrpaths.vrpath
Unable to read VR Path Registry from C:\Users\nilabjo.sanyal\AppData\Local\openvr\openvrpaths.vrpath
Unable to read VR Path Registry from C:\Users\nilabjo.sanyal\AppData\Local\openvr\openvrpaths.vrpath
Unable to read VR Path Registry from C:\Users\nilabjo.sanyal\AppData\Local\openvr\openvrpaths.vrpath
1529910706158	Marionette	INFO	Listening on port 49974
1529910706197	Marionette	WARN	TLS certificate errors will be ignored for this session
[Parent 27088, Gecko_IOThread] WARNING: pipe error: 109: file z:/build/build/src/ipc/chromium/src/chrome/common/ipc_channel_win.cc, line 346
[Child 26752, Chrome_ChildThread] WARNING: pipe error: 109: file z:/build/build/src/ipc/chromium/src/chrome/common/ipc_channel_win.cc, line 346
[Child 26752, Chrom[Parent 27088, Gecko_IOThread] WARNING: pipe error: 109: file z:/build/build/src/ipc/chromium/src/chrome/common/ipc_channel_win.cc, line 346
[Child 23792, Chrome_ChildThread] WARNING: pipe error: 109: file z:/build/build/src/ipc/chromium/src/chrome/common/ipc_channel_win.cc, line 346
[Child 237[Parent 27088, Gecko_IOThread] WARNING: pipe error: 109: file z:/build/build/src/ipc/chromium/src/chrome/common/ipc_channel_win.cc, line 346
*** UTM:SVC TimerManager:registerTimer called after profile-before-change notification. Ignoring timer registration for id: telemetry_modules_ping

###!!! [Child][MessageChannel::SendAndWait] Error: Channel error: cannot send/recv

1529910912135	geckodriver	INFO	geckodriver 0.21.0
1529910912142	geckodriver	INFO	Listening on 127.0.0.1:50276
1529910915177	mozrunner::runner	INFO	Running command: "C:\\Program Files\\Mozilla Firefox\\firefox.exe" "-marionette" "-foreground" "-no-remote" "-profile" "C:\\Users\\NILABJ~1.SAN\\AppData\\Local\\Temp\\rust_mozprofile.gmpbpscGQHIy"
Unable to read VR Path Registry from C:\Users\nilabjo.sanyal\AppData\Local\openvr\openvrpaths.vrpath
Unable to read VR Path Registry from C:\Users\nilabjo.sanyal\AppData\Local\openvr\openvrpaths.vrpath
Unable to read VR Path Registry from C:\Users\nilabjo.sanyal\AppData\Local\openvr\openvrpaths.vrpath
Unable to read VR Path Registry from C:\Users\nilabjo.sanyal\AppData\Local\openvr\openvrpaths.vrpath
1529910920538	Marionette	INFO	Listening on port 50284
1529910920752	Marionette	WARN	TLS certificate errors will be ignored for this session
Unable to read VR Path Registry from C:\Users\nilabjo.sanyal\AppData\Local\openvr\openvrpaths.vrpath
[Parent 25144, Gecko_IOThread] WARNING: pipe error: 109: file z:/build/build/src/ipc/chromium/src/chrome/common/ipc_channel_win.cc, line 346
[Child 10640, Chrome_ChildThread] WARNING: pipe error: 109: file z:/build/build/src/ipc/chromium/src/chrome/common/ipc_channel_win.cc, line 346
[Child 10640, Ch[Parent 25144, Gecko_IOThread] WARNING: pipe error: 109: file z:/build/build/src/ipc/chromium/src/chrome/common/ipc_channel_win.cc, line 346
*** UTM:SVC TimerManager:registerTimer called after profile-before-change notification. Ignoring timer registration for id: telemetry_modules_ping

###!!! [Child][MessageChannel::SendAndWait] Error: Channel error: cannot send/recv

1529910965690	geckodriver	INFO	geckodriver 0.21.0
1529910965702	geckodriver	INFO	Listening on 127.0.0.1:50417
1529910968734	mozrunner::runner	INFO	Running command: "C:\\Program Files\\Mozilla Firefox\\firefox.exe" "-marionette" "-foreground" "-no-remote" "-profile" "C:\\Users\\NILABJ~1.SAN\\AppData\\Local\\Temp\\rust_mozprofile.LYTWWZRZhkv2"
Unable to read VR Path Registry from C:\Users\nilabjo.sanyal\AppData\Local\openvr\openvrpaths.vrpath
Unable to read VR Path Registry from C:\Users\nilabjo.sanyal\AppData\Local\openvr\openvrpaths.vrpath
Unable to read VR Path Registry from C:\Users\nilabjo.sanyal\AppData\Local\openvr\openvrpaths.vrpath
Unable to read VR Path Registry from C:\Users\nilabjo.sanyal\AppData\Local\openvr\openvrpaths.vrpath
1529910975390	Marionette	INFO	Listening on port 50427
1529910975529	Marionette	WARN	TLS certificate errors will be ignored for this session
Unable to read VR Path Registry from C:\Users\nilabjo.sanyal\AppData\Local\openvr\openvrpaths.vrpath
[Parent 26392, Gecko_IOThread] WARNING: pipe error: 109: file z:/build/build/src/ipc/chromium/src/chrome/common/ipc_channel_win.cc, line 346
[Child 24296, Chrome_ChildThread] WARNING: pipe error: 109: file z:/build/build/src/ipc/chromium/src/chrome/common/ipc_channel_win.cc, line 346
[Child 24296, C[Parent 26392, Gecko_IOThread] WARNING: pipe error: 109: file z:/build/build/src/ipc/chromium/src/chrome/common/ipc_channel_win.cc, line 346
[Child 26812, Chrome_ChildThread] WARNING: pipe error: 109: file z:/build/build/src/ipc/chromium/src/chrome/common/ipc_channel_win.cc, line 346
[Child 2681[Parent 26392, Gecko_IOThread] WARNING: pipe error: 109: file z:/build/build/src/ipc/chromium/src/chrome/common/ipc_channel_win.cc, line 346
*** UTM:SVC TimerManager:registerTimer called after profile-before-change notification. Ignoring timer registration for id: telemetry_modules_ping
JavaScript error: resource://gre/modules/osfile/osfile_async_front.jsm, line 408: Error: OS.File has been shut down. Rejecting post to DirectoryIterator_prototype_close
JavaScript error: resource://gre/modules/osfile/osfile_async_front.jsm, line 424: Error: OS.File has been shut down. Rejecting request to new_DirectoryIterator

###!!! [Child][MessageChannel::SendAndWait] Error: Channel error: cannot send/recv

1529911028168	geckodriver	INFO	geckodriver 0.21.0
1529911028184	geckodriver	INFO	Listening on 127.0.0.1:50505
1529911031227	mozrunner::runner	INFO	Running command: "C:\\Program Files\\Mozilla Firefox\\firefox.exe" "-marionette" "-foreground" "-no-remote" "-profile" "C:\\Users\\NILABJ~1.SAN\\AppData\\Local\\Temp\\rust_mozprofile.BwX8GWV4aFB0"
Unable to read VR Path Registry from C:\Users\nilabjo.sanyal\AppData\Local\openvr\openvrpaths.vrpath
Unable to read VR Path Registry from C:\Users\nilabjo.sanyal\AppData\Local\openvr\openvrpaths.vrpath
Unable to read VR Path Registry from C:\Users\nilabjo.sanyal\AppData\Local\openvr\openvrpaths.vrpath
Unable to read VR Path Registry from C:\Users\nilabjo.sanyal\AppData\Local\openvr\openvrpaths.vrpath
1529911038698	Marionette	INFO	Listening on port 50527
Unable to read VR Path Registry from C:\Users\nilabjo.sanyal\AppData\Local\openvr\openvrpaths.vrpath
1529911039715	Marionette	WARN	TLS certificate errors will be ignored for this session
[Child 26936, Chrome_ChildThread] WARNING: pipe error: 109: file z:/build/build/src/ipc/chromium/src/chrome/common/ipc_channel_win.cc, line 346
[Child 26936, Chrome_ChildThread] W[Parent 27044, Gecko_IOThread] WARNING: pipe error: 109: file z:/build/build/src/ipc/chromium/src/chrome/common/ipc_channel_win.cc, line 346
[Child 26436, Chrome_ChildThread] WARNING: pipe error: 109: file z:/build/build/src/ipc/chromium/src/chrome/common/ipc_channel_win.cc, line 346
[Child 26436, Ch[Parent 27044, Gecko_IOThread] WARNING: pipe error: 109: file z:/build/build/src/ipc/chromium/src/chrome/common/ipc_channel_win.cc, line 346
*** UTM:SVC TimerManager:registerTimer called after profile-before-change notification. Ignoring timer registration for id: telemetry_modules_ping

###!!! [Child][MessageChannel::SendAndWait] Error: Channel error: cannot send/recv

1529911158702	geckodriver	INFO	geckodriver 0.21.0
1529911158717	geckodriver	INFO	Listening on 127.0.0.1:50789
1529911161771	mozrunner::runner	INFO	Running command: "C:\\Program Files\\Mozilla Firefox\\firefox.exe" "-marionette" "-foreground" "-no-remote" "-profile" "C:\\Users\\NILABJ~1.SAN\\AppData\\Local\\Temp\\rust_mozprofile.7FRTxTzsBWYV"
Unable to read VR Path Registry from C:\Users\nilabjo.sanyal\AppData\Local\openvr\openvrpaths.vrpath
Unable to read VR Path Registry from C:\Users\nilabjo.sanyal\AppData\Local\openvr\openvrpaths.vrpath
Unable to read VR Path Registry from C:\Users\nilabjo.sanyal\AppData\Local\openvr\openvrpaths.vrpath
1529911177819	Marionette	INFO	Listening on port 50798
[Child 19988, Chrome_ChildThread] WARNING: pipe error: 109: file z:/build/build/src/ipc/chromium/src/chrome/common/ipc_channel_win.cc, line 346
[Child 199881529911178068	Marionette	WARN	TLS certificate errors will be ignored for this session
Unable to read VR Path Registry from C:\Users\nilabjo.sanyal\AppData\Local\openvr\openvrpaths.vrpath
Unable to read VR Path Registry from C:\Users\nilabjo.sanyal\AppData\Local\openvr\openvrpaths.vrpath
Unable to read VR Path Registry from C:\Users\nilabjo.sanyal\AppData\Local\openvr\openvrpaths.vrpath
[Parent 25808, Gecko_IOThread] WARNING: pipe error: 109: file z:/build/build/src/ipc/chromium/src/chrome/common/ipc_channel_win.cc, line 346
[Parent 25808, Gecko_IOThread] WARNING: pipe error: 109: file z:/build/build/src/ipc/chromium/src/chrome/common/ipc_channel_win.cc, line 346
[Child 16596, Chrome_ChildThread] WARNING: pipe error: 109: file z:/build/build/src/ipc/chromium/src/chrome/common/ipc_channel_win.cc, line 346[
Child 184[Child 16596, Chrome_ChildThread] WARNING: pipe error: 109: file z:/build/build/src/ipc/chromium/src/chrome/common/ipc_channel_win.cc, line 346
44, Chrome_ChildTh[read] WARNING: pipe error: 109: file z:/build/build/src/ipc/chromium/src/chrome/common/ipc_channel_win.cc, line 346
[Child 18444, Chrome_ChildThread] WARNING: pipe error: 109: file z:/build/build/src/ipc/chromium/src/chrome/common/ipc_channel_Cwin.cc, line 346
hild 18672, Chrome_ChildThread] WARNING: pipe error: 109: file z:/build/build/src/ipc/chromium/src/chrome/common/ipc_channel_win.cc, line 346
[Child 18672, Chrome_ChildThread] WARNING: pipe error: 109: file z:/build/build/src/ipc/chromium/src/chrome/common/ipc_channel_win.cc, line 346

###!!! [Child][MessageChannel::SendAndWait] Error: Channel error: cannot send/recv

1529911319000	geckodriver	INFO	geckodriver 0.21.0
1529911319021	geckodriver	INFO	Listening on 127.0.0.1:50942
1529911321925	mozrunner::runner	INFO	Running command: "C:\\Program Files\\Mozilla Firefox\\firefox.exe" "-marionette" "-foreground" "-no-remote" "-profile" "C:\\Users\\NILABJ~1.SAN\\AppData\\Local\\Temp\\rust_mozprofile.TP0YwJJsDmA1"
Unable to read VR Path Registry from C:\Users\nilabjo.sanyal\AppData\Local\openvr\openvrpaths.vrpath
Unable to read VR Path Registry from C:\Users\nilabjo.sanyal\AppData\Local\openvr\openvrpaths.vrpath
Unable to read VR Path Registry from C:\Users\nilabjo.sanyal\AppData\Local\openvr\openvrpaths.vrpath
1529911331420	Marionette	INFO	Listening on port 50952
1529911332759	Marionette	WARN	TLS certificate errors will be ignored for this session
Unable to read VR Path Registry from C:\Users\nilabjo.sanyal\AppData\Local\openvr\openvrpaths.vrpath
Unable to read VR Path Registry from C:\Users\nilabjo.sanyal\AppData\Local\openvr\openvrpaths.vrpath
[Parent 20376, Gecko_IOThread] WARNING: pipe error: 109: file z:/build/build/src/ipc/chromium/src/chrome/common/ipc_channel_win.cc, line 346
[Parent 20376, Gecko_IOThread] WARNING: pipe error: 109: file z:/build/build/src/ipc/chromium/src/chrome/common/ipc_channel_win.cc, line 346
[Child 16528, Chrome_ChildThread] WARNING: pipe error: 109: file z:/build/build/src/ipc/chromium/src/chrome/common/ipc_channel_win.cc, line 346
[Child 1652[Parent 20376, Gecko_IOThread] WARNING: pipe error: 109: file z:/build/build/src/ipc/chromium/src/chrome/common/ipc_channel_win.cc, line 346
[Child 25144, Chrome_ChildThread] WARNING: pipe error: 109: file z:/build/build/src/ipc/chromium/src/chrome/common/ipc_channel_win.cc, line 346
[Child 25144, Chrome_ChildThread] WARNING: pipe error: 109: file z:/build/build/sr*** UTM:SVC TimerManager:registerTimer called after profile-before-change notification. Ignoring timer registration for id: telemetry_modules_ping
[GPU 11268, Chrome_ChildThread] WARNING: pipe error: 109: file z:/build/build/src/ipc/chromium/src/chrome/common/ipc_channel_win.cc, line 346

###!!! [Child][MessageChannel::SendAndWait] Error: Channel error: cannot send/recv

1529911799058	geckodriver	INFO	geckodriver 0.21.0
1529911799068	geckodriver	INFO	Listening on 127.0.0.1:51575
1529911801910	mozrunner::runner	INFO	Running command: "C:\\Program Files\\Mozilla Firefox\\firefox.exe" "-marionette" "-foreground" "-no-remote" "-profile" "C:\\Users\\NILABJ~1.SAN\\AppData\\Local\\Temp\\rust_mozprofile.V3G9uUuCSIex"
Unable to read VR Path Registry from C:\Users\nilabjo.sanyal\AppData\Local\openvr\openvrpaths.vrpath
Unable to read VR Path Registry from C:\Users\nilabjo.sanyal\AppData\Local\openvr\openvrpaths.vrpath
Unable to read VR Path Registry from C:\Users\nilabjo.sanyal\AppData\Local\openvr\openvrpaths.vrpath
Unable to read VR Path Registry from C:\Users\nilabjo.sanyal\AppData\Local\openvr\openvrpaths.vrpath
Unable to read VR Path Registry from C:\Users\nilabjo.sanyal\AppData\Local\openvr\openvrpaths.vrpath
1529911809447	Marionette	INFO	Listening on port 51592
1529911810401	Marionette	WARN	TLS certificate errors will be ignored for this session
[Parent 27260, Gecko_IOThread] WARNING: pipe error: 109: file z:/build/build/src/ipc/chromium/src/chrome/common/ipc_channel_win.cc, line 346
[Parent 27260, Gecko_IOThread] WARNING: pipe error: 109: file z:/build/build/src/ipc/chromium/src/chrome/common/ipc_channel_win.cc, line 346
[Child 22128, Chrome_ChildThread] WARNING: pipe error: 109: file z:/build/build/src/ipc/chromium/src/chrome/common/ipc_channel_win.cc, line 346
[Child 22128, Chrom[Parent 27260, Gecko_IOThread] WARNING: pipe error: 109: file z:/build/build/src/ipc/chromium/src/chrome/common/ipc_channel_win.cc, line 346
[Child 27892, Chrome_ChildThread] WARNING: pipe error: 109: file z:/build/build/src/ipc/chromium/src/chrome/common/ipc_channel_win.cc, line 346
[Child 27892, Chrome_Ch
###!!! [Child][MessageChannel::SendAndWait] Error: Channel error: cannot send/recv

1529911922715	geckodriver	INFO	geckodriver 0.21.0
1529911922715	geckodriver	INFO	Listening on 127.0.0.1:51689
1529911925815	mozrunner::runner	INFO	Running command: "C:\\Program Files\\Mozilla Firefox\\firefox.exe" "-marionette" "-foreground" "-no-remote" "-profile" "C:\\Users\\NILABJ~1.SAN\\AppData\\Local\\Temp\\rust_mozprofile.YBg4bchyfIaF"
Unable to read VR Path Registry from C:\Users\nilabjo.sanyal\AppData\Local\openvr\openvrpaths.vrpath
Unable to read VR Path Registry from C:\Users\nilabjo.sanyal\AppData\Local\openvr\openvrpaths.vrpath
Unable to read VR Path Registry from C:\Users\nilabjo.sanyal\AppData\Local\openvr\openvrpaths.vrpath
Unable to read VR Path Registry from C:\Users\nilabjo.sanyal\AppData\Local\openvr\openvrpaths.vrpath
1529911931489	Marionette	INFO	Listening on port 51697
Unable to read VR Path Registry from C:\Users\nilabjo.sanyal\AppData\Local\openvr\openvrpaths.vrpath
1529911932002	Marionette	WARN	TLS certificate errors will be ignored for this session
[Parent 24180, Gecko_IOThread] WARNING: pipe error: 109: file z:/build/build/src/ipc/chromium/src/chrome/common/ipc_channel_win.cc, line 346
[Child 29096, Chrome_ChildThread] WARNING: pipe error: 109: file z:/build/build/src/ipc/chromium/src/chrome/common/ipc_channel_win.cc, line 346
[Child 29096, Chrome_Ch[Parent 24180, Gecko_IOThread] WARNING: pipe error: 109: file z:/build/build/src/ipc/chromium/src/chrome/common/ipc_channel_win.cc, line 346
[Child 28384, Chrome_ChildThread] WARNING: pipe error: 109: file z:/build/build/src/ipc/chromium/src/chrome/common/ipc_channel_win.cc, line 346
[Child 28384, ChIPDL protocol error: Handler returned error code!

###!!! [Parent][DispatchAsyncMessage] Error: PLayerTransaction::Msg_ReleaseLayer Processing error: message was deserialized, but the handler returned false (indicating failure)

IPDL protocol error: Handler returned error code!

###!!! [Parent][DispatchAsyncMessage] Error: PLayerTransaction::Msg_ReleaseLayer Processing error: message was deserialized, but the handler returned false (indicating failure)

IPDL protocol error: Handler returned error code!

###!!! [Parent][DispatchAsyncMessage] Error: PLayerTransaction::Msg_ReleaseLayer Processing error: message was deserialized, but the handler returned false (indicating failure)

IPDL protocol error: Handler returned error code!

###!!! [Parent][DispatchAsyncMessage] Error: PLayerTransaction::Msg_ReleaseLayer Processing error: message was deserialized, but the handler returned false (indicating failure)

IPDL protocol error: Handler returned error code!

###!!! [Parent][DispatchAsyncMessage] Error: PLayerTransaction::Msg_ReleaseLayer Processing error: message was deserialized, but the handler returned false (indicating failure)

IPDL protocol error: Handler returned error code!

###!!! [Parent][DispatchAsyncMessage] Error: PLayerTransaction::Msg_ReleaseLayer Processing error: message was deserialized, but the handler returned false (indicating failure)

IPDL protocol error: Handler returned error code!

###!!! [Parent][DispatchAsyncMessage] Error: PLayerTransaction::Msg_ReleaseLayer Processing error: message was deserialized, but the handler returned false (indicating failure)

IPDL protocol error: Handler returned error code!

###!!! [Parent][DispatchAsyncMessage] Error: PLayerTransaction::Msg_ReleaseLayer Processing error: message was deserialized, but the handler returned false (indicating failure)

IPDL protocol error: Handler returned error code!

###!!! [Parent][DispatchAsyncMessage] Error: PLayerTransaction::Msg_ReleaseLayer Processing error: message was deserialized, but the handler returned false (indicating failure)

IPDL protocol error: Handler returned error code!

###!!! [Parent][DispatchAsyncMessage] Error: PLayerTransaction::Msg_ReleaseLayer Processing error: message was deserialized, but the handler returned false (indicating failure)

IPDL protocol error: Handler returned error code!

###!!! [Parent][DispatchAsyncMessage] Error: PLayerTransaction::Msg_ReleaseLayer Processing error: message was deserialized, but the handler returned false (indicating failure)

IPDL protocol error: Handler returned error code!

###!!! [Parent][DispatchAsyncMessage] Error: PLayerTransaction::Msg_ReleaseLayer Processing error: message was deserialized, but the handler returned false (indicating failure)

[Parent 24180, Gecko_IOThread] WARNING: pipe error: 109: file z:/build/build/src/ipc/chromium/src/chrome/common/ipc_channel_win.cc, line 346

###!!! [Child][MessageChannel::SendAndWait] Error: Channel error: cannot send/recv

1529912212389	geckodriver	INFO	geckodriver 0.21.0
1529912212399	geckodriver	INFO	Listening on 127.0.0.1:51897
1529912215441	mozrunner::runner	INFO	Running command: "C:\\Program Files\\Mozilla Firefox\\firefox.exe" "-marionette" "-foreground" "-no-remote" "-profile" "C:\\Users\\NILABJ~1.SAN\\AppData\\Local\\Temp\\rust_mozprofile.tlMsvvD5rsAq"
Unable to read VR Path Registry from C:\Users\nilabjo.sanyal\AppData\Local\openvr\openvrpaths.vrpath
Unable to read VR Path Registry from C:\Users\nilabjo.sanyal\AppData\Local\openvr\openvrpaths.vrpath
Unable to read VR Path Registry from C:\Users\nilabjo.sanyal\AppData\Local\openvr\openvrpaths.vrpath
Unable to read VR Path Registry from C:\Users\nilabjo.sanyal\AppData\Local\openvr\openvrpaths.vrpath
Unable to read VR Path Registry from C:\Users\nilabjo.sanyal\AppData\Local\openvr\openvrpaths.vrpath
1529912221699	Marionette	INFO	Listening on port 51913
1529912222459	Marionette	WARN	TLS certificate errors will be ignored for this session
[Parent 28992, Gecko_IOThread] WARNING: pipe error: 109: file z:/build/build/src/ipc/chromium/src/chrome/common/ipc_channel_win.cc, line 346
[Child 4796, Chrome_ChildThread] WARNING: pipe error: 109: file z:/build/build/src/ipc/chromium/src/chrome/common/ipc_channel_win.cc, line 346
[Child 4796, [Parent 28992, Gecko_IOThread] WARNING: pipe error: 109: file z:/build/build/src/ipc/chromium/src/chrome/common/ipc_channel_win.cc, line 346
[Child 29396, Chrome_ChildThread] WARNING: pipe error: 109: file z:/build/build/src/ipc/chromium/src/chrome/common/ipc_channel_win.cc, line 346
[Child 29396, Chrome_ChildThread] WARNING: pipe error: 109: file z:/build/build/src/ipc/chromium/src/chrome/comm[Parent 28992, Gecko_IOThread] WARNING: pipe error: 109: file z:/build/build/src/ipc/chromium/src/chrome/common/ipc_channel_win.cc, line 346
[Child 28008, Chrome_ChildThread] WARNING: pipe error: 109: file z:/build/build/src/ipc/chromium/src/chrome/common/ipc_channel_win.cc, line 346
[Child 28008, Chrome_
###!!! [Child][MessageChannel::SendAndWait] Error: Channel error: cannot send/recv

1529912502808	geckodriver	INFO	geckodriver 0.21.0
1529912502808	geckodriver	INFO	Listening on 127.0.0.1:52158
1529912505837	mozrunner::runner	INFO	Running command: "C:\\Program Files\\Mozilla Firefox\\firefox.exe" "-marionette" "-foreground" "-no-remote" "-profile" "C:\\Users\\NILABJ~1.SAN\\AppData\\Local\\Temp\\rust_mozprofile.0TvRnBgvWiAR"
Unable to read VR Path Registry from C:\Users\nilabjo.sanyal\AppData\Local\openvr\openvrpaths.vrpath
Unable to read VR Path Registry from C:\Users\nilabjo.sanyal\AppData\Local\openvr\openvrpaths.vrpath
Unable to read VR Path Registry from C:\Users\nilabjo.sanyal\AppData\Local\openvr\openvrpaths.vrpath
Unable to read VR Path Registry from C:\Users\nilabjo.sanyal\AppData\Local\openvr\openvrpaths.vrpath
1529912511274	Marionette	INFO	Listening on port 52166
1529912511392	Marionette	WARN	TLS certificate errors will be ignored for this session
Unable to read VR Path Registry from C:\Users\nilabjo.sanyal\AppData\Local\openvr\openvrpaths.vrpath
[Parent 30240, Gecko_IOThread] WARNING: pipe error: 109: file z:/build/build/src/ipc/chromium/src/chrome/common/ipc_channel_win.cc, line 346
[Child 30500, Chrome_ChildThread] WARNING: pipe error: 109: file z:/build/build/src/ipc/chromium/src/chrome/common/ipc_channel_win.cc, line 346
[Child 30500, C[Parent 30240, Gecko_IOThread] WARNING: pipe error: 109: file z:/build/build/src/ipc/chromium/src/chrome/common/ipc_channel_win.cc, line 346
[Child 29980, Chrome_ChildThread] WARNING: pipe error: 109: file z:/build/build/src/ipc/chromium/src/chrome/common/ipc_channel_win.cc, line 346
[Child 29[Child 29564, Chrome_ChildThread] WARNING: pipe error: 109: file z:/build/build/src/ipc/chromium/src/chrome/common/ipc_channel_win.cc, line 346
[Child 295
###!!! [Child][MessageChannel::SendAndWait] Error: Channel error: cannot send/recv

1529913244993	geckodriver	INFO	geckodriver 0.21.0
1529913245009	geckodriver	INFO	Listening on 127.0.0.1:52743
1529913248049	mozrunner::runner	INFO	Running command: "C:\\Program Files\\Mozilla Firefox\\firefox.exe" "-marionette" "-foreground" "-no-remote" "-profile" "C:\\Users\\NILABJ~1.SAN\\AppData\\Local\\Temp\\rust_mozprofile.EfJbhG6uLMvb"
Unable to read VR Path Registry from C:\Users\nilabjo.sanyal\AppData\Local\openvr\openvrpaths.vrpath
Unable to read VR Path Registry from C:\Users\nilabjo.sanyal\AppData\Local\openvr\openvrpaths.vrpath
Unable to read VR Path Registry from C:\Users\nilabjo.sanyal\AppData\Local\openvr\openvrpaths.vrpath
Unable to read VR Path Registry from C:\Users\nilabjo.sanyal\AppData\Local\openvr\openvrpaths.vrpath
1529913254339	Marionette	INFO	Listening on port 52755
1529913254719	Marionette	WARN	TLS certificate errors will be ignored for this session
Unable to read VR Path Registry from C:\Users\nilabjo.sanyal\AppData\Local\openvr\openvrpaths.vrpath
[Parent 27960, Gecko_IOThread] WARNING: pipe error: 109: file z:/build/build/src/ipc/chromium/src/chrome/common/ipc_channel_win.cc, line 346
[
###!!! [Child][MessageChannel::SendAndWait] Error: Channel error: cannot send/recv

1529913484542	geckodriver	INFO	geckodriver 0.21.0
1529913484551	geckodriver	INFO	Listening on 127.0.0.1:53111
1529913487568	mozrunner::runner	INFO	Running command: "C:\\Program Files\\Mozilla Firefox\\firefox.exe" "-marionette" "-foreground" "-no-remote" "-profile" "C:\\Users\\NILABJ~1.SAN\\AppData\\Local\\Temp\\rust_mozprofile.cxJMoiegjyIM"
Unable to read VR Path Registry from C:\Users\nilabjo.sanyal\AppData\Local\openvr\openvrpaths.vrpath
Unable to read VR Path Registry from C:\Users\nilabjo.sanyal\AppData\Local\openvr\openvrpaths.vrpath
Unable to read VR Path Registry from C:\Users\nilabjo.sanyal\AppData\Local\openvr\openvrpaths.vrpath
Unable to read VR Path Registry from C:\Users\nilabjo.sanyal\AppData\Local\openvr\openvrpaths.vrpath
1529913494763	Marionette	INFO	Listening on port 53122
1529913494868	Marionette	WARN	TLS certificate errors will be ignored for this session
Unable to read VR Path Registry from C:\Users\nilabjo.sanyal\AppData\Local\openvr\openvrpaths.vrpath
[Parent 17032, Gecko_IOThread] WARNING: pipe error: 109: file z:/build/build/src/ipc/chromium/src/chrome/common/ipc_channel_win.cc, line 346
[Child 17288, Chrome_ChildThread] WARNING: pipe error: 109: file z:/build/build/src/ipc/chromium/src/chrome/common/ipc_channel_win.cc, line 346
[Child 17288, Ch[Parent 17032, Gecko_IOThread] WARNING: pipe error: 109: file z:/build/build/src/ipc/chromium/src/chrome/common/ipc_channel_win.cc, line 346
[Child 17904, Chrome_ChildThread] WARNING: pipe error: 109: file z:/build/build/src/ipc/chromium/src/chrome/common/ipc_channel_win.cc, line 346
[Child 179[Parent 17032, Gecko_IOThread] WARNING: pipe error: 109: file z:/build/build/src/ipc/chromium/src/chrome/common/ipc_channel_win.cc, line 346
[Child 20580, Chrome_ChildThread] WARNING: pipe error: 109: file z:/build/build/src/ipc/chromium/src/chrome/common/ipc_channel_win.cc, line 346
[GPU 18152, Chrome_ChildThread] WARNING: pipe error: 109: file z:/build/build/src/ipc/chromium/src/chrome/common/ipc
###!!! [Child][MessageChannel::SendAndWait] Error: Channel error: cannot send/recv

1529914611102	geckodriver	INFO	geckodriver 0.21.0
1529914611117	geckodriver	INFO	Listening on 127.0.0.1:54141
1529914614144	mozrunner::runner	INFO	Running command: "C:\\Program Files\\Mozilla Firefox\\firefox.exe" "-marionette" "-foreground" "-no-remote" "-profile" "C:\\Users\\NILABJ~1.SAN\\AppData\\Local\\Temp\\rust_mozprofile.wJCPgglEJKNY"
Unable to read VR Path Registry from C:\Users\nilabjo.sanyal\AppData\Local\openvr\openvrpaths.vrpath
Unable to read VR Path Registry from C:\Users\nilabjo.sanyal\AppData\Local\openvr\openvrpaths.vrpath
Unable to read VR Path Registry from C:\Users\nilabjo.sanyal\AppData\Local\openvr\openvrpaths.vrpath
Unable to read VR Path Registry from C:\Users\nilabjo.sanyal\AppData\Local\openvr\openvrpaths.vrpath
1529914619170	Marionette	INFO	Listening on port 54149
Unable to read VR Path Registry from C:\Users\nilabjo.sanyal\AppData\Local\openvr\openvrpaths.vrpath
1529914619258	Marionette	WARN	TLS certificate errors will be ignored for this session
[Parent 32052, Gecko_IOThread] WARNING: pipe error: 109: file z:/build/build/src/ipc/chromium/src/chrome/common/ipc_channel_win.cc, line 346
[Child 31268, Chrome_ChildThread] WARNING: pipe error: 109: file z:/build/build/src/ipc/chromium/src/chrome/common/ipc_channel_win.cc, line 346
[Child 31268, 
###!!! [Child][MessageChannel::SendAndWait] Error: Channel error: cannot send/recv

1529918545077	geckodriver	INFO	geckodriver 0.21.0
1529918545082	geckodriver	INFO	Listening on 127.0.0.1:56138
1529918548054	mozrunner::runner	INFO	Running command: "C:\\Program Files\\Mozilla Firefox\\firefox.exe" "-marionette" "-foreground" "-no-remote" "-profile" "C:\\Users\\NILABJ~1.SAN\\AppData\\Local\\Temp\\rust_mozprofile.KKx61seXoVni"
Unable to read VR Path Registry from C:\Users\nilabjo.sanyal\AppData\Local\openvr\openvrpaths.vrpath
Unable to read VR Path Registry from C:\Users\nilabjo.sanyal\AppData\Local\openvr\openvrpaths.vrpath
Unable to read VR Path Registry from C:\Users\nilabjo.sanyal\AppData\Local\openvr\openvrpaths.vrpath
Unable to read VR Path Registry from C:\Users\nilabjo.sanyal\AppData\Local\openvr\openvrpaths.vrpath
1529918555350	Marionette	INFO	Listening on port 56148
1529918556633	Marionette	WARN	TLS certificate errors will be ignored for this session
Unable to read VR Path Registry from C:\Users\nilabjo.sanyal\AppData\Local\openvr\openvrpaths.vrpath
JavaScript error: jar:file:///C:/Program%20Files/Mozilla%20Firefox/omni.ja!/components/nsAsyncShutdown.js, line 114: Error: We have already registered a distinct blocker with the same name: Crash Reporter: blocking on minidumpgeneration.
console.error: (new Error("SessionFile is closed", "resource:///modules/sessionstore/SessionFile.jsm", 378))
[Parent 10496, Gecko_IOThread] WARNING: pipe error: 109: file z:/build/build/src/ipc/chromium/src/chrome/common/ipc_channel_win.cc, line 346
[Parent 10496, Gecko_IOThread] WARNING: file z:/build/build/src/ipc/chromium/src/base/process_util_win.cc, line 188
A content process crashed and MOZ_CRASHREPORTER_SHUTDOWN is set, shutting down
[Parent 10496, Gecko_IOThread] WARNING: pipe error: 109: file z:/build/build/src/ipc/chromium/src/chrome/common/ipc_channel_win.cc, line 346
[Child 27180, Chrome_ChildThread] WARNING: pipe error: 109: file z:/build/build/src/ipc/chromium/src/chrome/common/ipc_channel_win.cc, line 346
[Child 2711530005482883	geckodriver	INFO	geckodriver 0.21.0
1530005482901	geckodriver	INFO	Listening on 127.0.0.1:49968
1530005485802	mozrunner::runner	INFO	Running command: "C:\\Program Files\\Mozilla Firefox\\firefox.exe" "-marionette" "-foreground" "-no-remote" "-profile" "C:\\Users\\NILABJ~1.SAN\\AppData\\Local\\Temp\\rust_mozprofile.52bsaa6H6DTe"
Unable to read VR Path Registry from C:\Users\nilabjo.sanyal\AppData\Local\openvr\openvrpaths.vrpath
[GFX1-]: Failed to connect GPU process
[GFX1-]: [D3D11] failed to get compositor device.
[GFX1-]: [D3D11] Failed to init compositor with reason: FEATURE_FAILURE_D3D11_NO_DEVICE
[GFX1-]: [D3D11] failed to get compositor device.
[GFX1-]: [D3D11] Failed to init compositor with reason: FEATURE_FAILURE_D3D11_NO_DEVICE
Unable to read VR Path Registry from C:\Users\nilabjo.sanyal\AppData\Local\openvr\openvrpaths.vrpath
[GFX1-]: Could not get a DXGI adapter
[Child 30820, Chrome_ChildThread] WARNING: pipe error: 109: file z:/build/build/src/ipc/chromium/src/chrome/common/ipc_channel_win.cc, line 346
[Child 30820, Chrome_ChildThread] WARNING: pipe error: 109: file z:/build/build/src/ipc/chromium/src/chrome/common/ipc_channel_win.cc, line 346
1530005517758	Marionette	INFO	Listening on port 49978
1530005518475	Marionette	WARN	TLS certificate errors will be ignored for this session
Unable to read VR Path Registry from C:\Users\nilabjo.sanyal\AppData\Local\openvr\openvrpaths.vrpath
[GFX1-]: Could not get a DXGI adapter
Unable to read VR Path Registry from C:\Users\nilabjo.sanyal\AppData\Local\openvr\openvrpaths.vrpath
[GFX1-]: Could not get a DXGI adapter
[Child 23392, Chrome_ChildThread] WARNING: pipe error: 109: file z:/build/build/src/ipc/chromium/src/chrome/common/ipc_channel_win.cc, line 346
[Parent 35956, Gecko_IOThread] WARNING: pipe error: 109: file z:/build/build/src/ipc/chromium/src/chrome/common/ipc_channel_win.cc, line 346
Unable to read VR Path Registry from C:\Users\nilabjo.sanyal\AppData\Local\openvr\openvrpaths.vrpath
[GFX1-]: Could not get a DXGI adapter
[Parent 35956, Gecko_IOThread] WARNING: pipe error: 109: file z:/build/build/src/ipc/chromium/src/chrome/common/ipc_channel_win.cc, line 346
1530005573937	geckodriver	INFO	geckodriver 0.21.0
1530005573949	geckodriver	INFO	Listening on 127.0.0.1:50068
1530005576771	mozrunner::runner	INFO	Running command: "C:\\Program Files\\Mozilla Firefox\\firefox.exe" "-marionette" "-foreground" "-no-remote" "-profile" "C:\\Users\\NILABJ~1.SAN\\AppData\\Local\\Temp\\rust_mozprofile.aj3Lxdw4r8fb"
Unable to read VR Path Registry from C:\Users\nilabjo.sanyal\AppData\Local\openvr\openvrpaths.vrpath
[GFX1-]: Failed to connect GPU process
[GFX1-]: [D3D11] failed to get compositor device.
[GFX1-]: [D3D11] Failed to init compositor with reason: FEATURE_FAILURE_D3D11_NO_DEVICE
[GFX1-]: [D3D11] failed to get compositor device.
[GFX1-]: [D3D11] Failed to init compositor with reason: FEATURE_FAILURE_D3D11_NO_DEVICE
Unable to read VR Path Registry from C:\Users\nilabjo.sanyal\AppData\Local\openvr\openvrpaths.vrpath
[GFX1-]: Could not get a DXGI adapter
1530005608078	Marionette	INFO	Listening on port 50079
[Parent 17520, Gecko_IOThread] WARNING: pipe error: 109: file z:/build/build/src/ipc/chromium/src/chrome/common/ipc_channel_win.cc, line 346
[Child 48324, Chrome_ChildThread] WARNING: pipe error: 109: file z:/build/build/src/ipc/chromium/src/chrome/common/ipc_channel_win.cc, line 346
[Child 48324, 1530005608441	Marionette	WARN	TLS certificate errors will be ignored for this session
Unable to read VR Path Registry from C:\Users\nilabjo.sanyal\AppData\Local\openvr\openvrpaths.vrpath
[GFX1-]: Could not get a DXGI adapter
Unable to read VR Path Registry from C:\Users\nilabjo.sanyal\AppData\Local\openvr\openvrpaths.vrpath
[GFX1-]: Could not get a DXGI adapter
Unable to read VR Path Registry from C:\Users\nilabjo.sanyal\AppData\Local\openvr\openvrpaths.vrpath
[GFX1-]: Could not get a DXGI adapter
[Child 26464, Chrome_ChildThread] WARNING: pipe error: 109: file z:/build/build/src/ipc/chromium/src/chrome/common/ipc_channel_win.cc, line 346
[Child 2646[Parent 17520, Gecko_IOThread] WARNING: pipe error: 109: file z:/build/build/src/ipc/chromium/src/chrome/common/ipc_channel_win.cc, line 346
[Parent 17520, Gecko_IOThread] WARNING: pipe error: 109: file z:/build/build/src/ipc/chromium/src/chrome/common/ipc_channel_win.cc, line 346
1530005774419	geckodriver	INFO	geckodriver 0.21.0
1530005774433	geckodriver	INFO	Listening on 127.0.0.1:50239
1530005776601	mozrunner::runner	INFO	Running command: "C:\\Program Files\\Mozilla Firefox\\firefox.exe" "-marionette" "-foreground" "-no-remote" "-profile" "C:\\Users\\NILABJ~1.SAN\\AppData\\Local\\Temp\\rust_mozprofile.Z3tXDAZr2coK"
Unable to read VR Path Registry from C:\Users\nilabjo.sanyal\AppData\Local\openvr\openvrpaths.vrpath
Unable to read VR Path Registry from C:\Users\nilabjo.sanyal\AppData\Local\openvr\openvrpaths.vrpath
Unable to read VR Path Registry from C:\Users\nilabjo.sanyal\AppData\Local\openvr\openvrpaths.vrpath
1530005793476	Marionette	INFO	Listening on port 50249
1530005793777	Marionette	WARN	TLS certificate errors will be ignored for this session
Unable to read VR Path Registry from C:\Users\nilabjo.sanyal\AppData\Local\openvr\openvrpaths.vrpath
Unable to read VR Path Registry from C:\Users\nilabjo.sanyal\AppData\Local\openvr\openvrpaths.vrpath
[Parent 40552, Gecko_IOThread] WARNING: pipe error: 109: file z:/build/build/src/ipc/chromium/src/chrome/common/ipc_channel_win.cc, line 346
[Parent 40552, Gecko_IOThread] WARNING: pipe error: 109: file z:/build/build/src/ipc/chromium/src/chrome/common/ipc_channel_win.cc, line 346
[Child 27016, Chrome_ChildThread] WARNING: pipe error: 109: file z:/build/build/src/ipc/chromium/src/chrome/common/ipc_channel_win.cc, line 346

###!!! [Child][MessageChannel::SendAndWait] Error: Channel error: cannot send/recv

ng on 127.0.0.1:50563
1530006371058	mozrunner::runner	INFO	Running command: "C:\\Program Files\\Mozilla Firefox\\firefox.exe" "-marionette" "-foreground" "-no-remote" "-profile" "C:\\Users\\NILABJ~1.SAN\\AppData\\Local\\Temp\\rust_mozprofile.FslBy6CkveO4"
Unable to read VR Path Registry from C:\Users\nilabjo.sanyal\AppData\Local\openvr\openvrpaths.vrpath
Unable to read VR Path Registry from C:\Users\nilabjo.sanyal\AppData\Local\openvr\openvrpaths.vrpath
Unable to read VR Path Registry from C:\Users\nilabjo.sanyal\AppData\Local\openvr\openvrpaths.vrpath
Unable to read VR Path Registry from C:\Users\nilabjo.sanyal\AppData\Local\openvr\openvrpaths.vrpath
Unable to read VR Path Registry from C:\Users\nilabjo.sanyal\AppData\Local\openvr\openvrpaths.vrpath
1530006383052	Marionette	INFO	Listening on port 50573
1530006489235	geckodriver	INFO	geckodriver 0.21.0
1530006489248	geckodriver	INFO	Listening on 127.0.0.1:50665
1530006491380	mozrunner::runner	INFO	Running command: "C:\\Program Files\\Mozilla Firefox\\firefox.exe" "-marionette" "-foreground" "-no-remote" "-profile" "C:\\Users\\NILABJ~1.SAN\\AppData\\Local\\Temp\\rust_mozprofile.SKgicl8hQPsy"
Unable to read VR Path Registry from C:\Users\nilabjo.sanyal\AppData\Local\openvr\openvrpaths.vrpath
Unable to read VR Path Registry from C:\Users\nilabjo.sanyal\AppData\Local\openvr\openvrpaths.vrpath
Unable to read VR Path Registry from C:\Users\nilabjo.sanyal\AppData\Local\openvr\openvrpaths.vrpath
Unable to read VR Path Registry from C:\Users\nilabjo.sanyal\AppData\Local\openvr\openvrpaths.vrpath
1530006501115	Marionette	INFO	Listening on port 50678
Unable to read VR Path Registry from C:\Users\nilabjo.sanyal\AppData\Local\openvr\openvrpaths.vrpath
1530006502473	Marionette	WARN	TLS certificate errors will be ignored for this session
[Parent 16280, Gecko_IOThread] WARNING: pipe error: 109: file z:/build/build/src/ipc/chromium/src/chrome/common/ipc_channel_win.cc, line 346
[Child 31552, Chrome_ChildThread] WARNING: pipe error: 109: file z:/build/build/src/ipc/chromium/src/chrome/common/ipc_channel_win.cc, line 346
[Child 31552, Chrome_ChildThread] WARNING: pipe error: 109: file z:/build/build/src/ipc/chromium/src/chrome/common/ipc_channel_win.cc[Parent 16280, Gecko_IOThread] WARNING: pipe error: 109: file z:/build/build/src/ipc/chromium/src/chrome/common/ipc_channel_win.cc, line 346
[Child 27396, Chrome_ChildThread] WARNING: pipe error: 109: file z:/build/build/src/ipc/chromium/src/chrome/common/ipc_channel_win.cc, line 346
[Child 27396, Chrome_ChildThread] WARNING:
###!!! [Child][MessageChannel::SendAndWait] Error: Channel error: cannot send/recv

1530007944697	geckodriver	INFO	geckodriver 0.21.0
1530007944710	geckodriver	INFO	Listening on 127.0.0.1:51547
1530007946901	mozrunner::runner	INFO	Running command: "C:\\Program Files\\Mozilla Firefox\\firefox.exe" "-marionette" "-foreground" "-no-remote" "-profile" "C:\\Users\\NILABJ~1.SAN\\AppData\\Local\\Temp\\rust_mozprofile.PLVg0buXu1Wj"
Unable to read VR Path Registry from C:\Users\nilabjo.sanyal\AppData\Local\openvr\openvrpaths.vrpath
[GFX1-]: Failed to connect GPU process
Unable to read VR Path Registry from C:\Users\nilabjo.sanyal\AppData\Local\openvr\openvrpaths.vrpath
[GFX1-]: Could not get a DXGI adapter
[GFX1-]: [D3D11] failed to get compositor device.
[GFX1-]: [D3D11] Failed to init compositor with reason: FEATURE_FAILURE_D3D11_NO_DEVICE
[GFX1-]: [D3D11] failed to get compositor device.
[GFX1-]: [D3D11] Failed to init compositor with reason: FEATURE_FAILURE_D3D11_NO_DEVICE
1530007963628	Marionette	INFO	Listening on port 51555
1530007964004	Marionette	WARN	TLS certificate errors will be ignored for this session
Unable to read VR Path Registry from C:\Users\nilabjo.sanyal\AppData\Local\openvr\openvrpaths.vrpath
Unable to read VR Path Registry from C:\Users\nilabjo.sanyal\AppData\Local\openvr\openvrpaths.vrpath
[GFX1-]: Could not get a DXGI adapter
[GFX1-]: Could not get a DXGI adapter
[Parent 18032, Gecko_IOThread] WARNING: pipe error: 109: file z:/build/build/src/ipc/chromium/src/chrome/common/ipc_channel_win.cc, line 346
[Child 34072, Chrome_ChildThread] WARNING: pipe error: 109: file z:/build/build/src/ipc/chromium/src/chrome/common/ipc_channel_win.cc, line 346
[Child 16344, Chrome_ChildThread] WARNING: pipe error: 109: file z:/build/build/src/ipc/chromium/src/chrome/common/ipc_channel_win.cc, line 346
[Child 16344, Chrome_ChildThread] WARNING: pipe error: 109: f[Parent 18032, Gecko_IOThread] WARNING: pipe error: 109: file z:/build/build/src/ipc/chromium/src/chrome/common/ipc_channel_win.cc, line 346
1530009054114	geckodriver	INFO	geckodriver 0.21.0
1530009054125	geckodriver	INFO	Listening on 127.0.0.1:52488
1530009057200	mozrunner::runner	INFO	Running command: "C:\\Program Files\\Mozilla Firefox\\firefox.exe" "-marionette" "-foreground" "-no-remote" "-profile" "C:\\Users\\NILABJ~1.SAN\\AppData\\Local\\Temp\\rust_mozprofile.hzjOQAp0xfCh"
Unable to read VR Path Registry from C:\Users\nilabjo.sanyal\AppData\Local\openvr\openvrpaths.vrpath
Unable to read VR Path Registry from C:\Users\nilabjo.sanyal\AppData\Local\openvr\openvrpaths.vrpath
Unable to read VR Path Registry from C:\Users\nilabjo.sanyal\AppData\Local\openvr\openvrpaths.vrpath
Unable to read VR Path Registry from C:\Users\nilabjo.sanyal\AppData\Local\openvr\openvrpaths.vrpath
1530009065506	Marionette	INFO	Listening on port 52499
Unable to read VR Path Registry from C:\Users\nilabjo.sanyal\AppData\Local\openvr\openvrpaths.vrpath
1530009065993	Marionette	WARN	TLS certificate errors will be ignored for this session
[Parent 2452, Gecko_IOThread] WARNING: pipe error: 109: file z:/build/build/src/ipc/chromium/src/chrome/common/ipc_channel_win.cc, line 346
[Child 20696, Chrome_ChildThread] WARNING: pipe error: 109: file z:/build/build/src/ipc/chromium/src/chrome/common/ipc_channel_win.cc, line 346
[Parent 2452, Gecko_IOThread] WARNING: pipe error: 109: file z:/build/build/src/ipc/chromium/src/chrome/common/ipc_channel_win.cc, line 346
[Child 39840, Chrome_ChildThread] WARNING: pipe error: 109: file z:/build/build/src/ipc/chromium/src/chrome/common/ipc_channel_win.cc, line 346
[Child [Parent 2452, Gecko_IOThread] WARNING: pipe error: 109: file z:/build/build/src/ipc/chromium/src/chrome/common/ipc_channel_win.cc, line 346
[Child 40408, Chrome_ChildThread] WARNING: pipe error: 109: file z:/build/build/src/ipc/chromium/src/chrome/common/ipc_channel_win.cc, line 346
[Child 4
###!!! [Child][MessageChannel::SendAndWait] Error: Channel error: cannot send/recv

0, Chrome_ChildThread] WARNING: pipe error: 109: file z:/build/build/src/ipc/chromium/src/chrome/common/ipc_channel_win.cc, line 346
[Child 15860, Chrome_ChildThread] WARNING: pipe error: 109: file z1530010280006	Marionette	INFO	Listening on port 53110
1530010282349	Marionette	WARN	TLS certificate errors will be ignored for this session
Unable to read VR Path Registry from C:\Users\nilabjo.sanyal\AppData\Local\openvr\openvrpaths.vrpath
[GFX1-]: Could not get a DXGI adapter
Unable to read VR Path Registry from C:\Users\nilabjo.sanyal\AppData\Local\openvr\openvrpaths.vrpath
Unable to read VR Path Registry from C:\Users\nilabjo.sanyal\AppData\Local\openvr\openvrpaths.vrpath
[Parent 36860, Gecko_IOThread] WARNING: pipe error: 109: file z:/build/build/src/ipc/chromium/src/chrome/common/ipc_channel_win.cc, line 346
[Parent 36860, Gecko_IOThread] WARNING: pipe error: 109: file z:/build/build/src/ipc/chromium/src/chrome/common/ipc_channel_win.cc, line 346
[Parent 36860, Gecko_IOThread] WARNING: pipe error: 109: file z:/build/build/src/ipc/chromium/src/chrome/common/ipc_channel_win.cc, line 346
[Child 40196, Chrome[Chi_Child 4116ldThrea[Child 7520, Chromd] WA8, Chrome_Ce_ChilhildThreadRNING: pipe] WARdThread] erroNING: piper: 10 err WARNING: pipe error:or: 109: 109: fi file z:/bule z:9: file z:/build/build/ild/b/build/build/ssrc/ipc/chrorc/ipc/chromium/suilrc/chrome/comiumd/src/srcmmo/chrome/commonn/ipc_cha/ipc/c/ipc_channnnel_winel_win..cc, lihromine um/srcc, l346
ine 346
c/chrome/co[Child 40196, Chrome_ChildThread] WARNING: pipe error: 109: file z:/m[mon/ipc_channel_win.cc, line 346
Child 41160, Chrome_ChildThread] WARNING: pipe error: 109: file z:/build/build/src/ipc/chromium/src/chrome/common/ipc_channel_win.cc, line 346
[Child 7528, Chrome_ChildThread] WARNING: pipe error: 109: file z:/build/build/src/ipc/chromium/src/chrome/common/ipc_channel_win.cc, line 346
build/build/src/ipc/chromium/src/chrome/common/ipc_channel_win.cc, line 346
1530011141411	geckodriver	INFO	geckodriver 0.21.0
1530011141427	geckodriver	INFO	Listening on 127.0.0.1:53729
1530011144501	mozrunner::runner	INFO	Running command: "C:\\Program Files\\Mozilla Firefox\\firefox.exe" "-marionette" "-foreground" "-no-remote" "-profile" "C:\\Users\\NILABJ~1.SAN\\AppData\\Local\\Temp\\rust_mozprofile.Fodrgsfz1u60"
Unable to read VR Path Registry from C:\Users\nilabjo.sanyal\AppData\Local\openvr\openvrpaths.vrpath
Unable to read VR Path Registry from C:\Users\nilabjo.sanyal\AppData\Local\openvr\openvrpaths.vrpath
Unable to read VR Path Registry from C:\Users\nilabjo.sanyal\AppData\Local\openvr\openvrpaths.vrpath
Unable to read VR Path Registry from C:\Users\nilabjo.sanyal\AppData\Local\openvr\openvrpaths.vrpath
1530011162105	Marionette	INFO	Listening on port 53739
1530011162122	Marionette	WARN	TLS certificate errors will be ignored for this session
Unable to read VR Path Registry from C:\Users\nilabjo.sanyal\AppData\Local\openvr\openvrpaths.vrpath
[Parent 21132, Gecko_IOThread] WARNING: pipe error: 109: file z:/build/build/src/ipc/chromium/src/chrome/common/ipc_channel_win.cc, line 346
[Parent 21132, Gecko_IOThread] WARNING: pipe error: 109: file z:/build/build/src/ipc/chromium/src/chrome/common/ipc_channel_win.cc, line 346
[Child 26192, Chrome_ChildThread] WARNING: pipe error: 109: file z:/build/build/src/ipc/chromium/src/chrome/common/ipc_channel_win.cc, line 346
[Child 26192, Chrome_ChildThread] [Parent 21132, Gecko_IOThread] WARNING: pipe error: 109: file z:/build/build/src/ipc/chromium/src/chrome/common/ipc_channel_win.cc, line 346
[Child 47524, Chrome_ChildThread] WARNING: pipe error: 109: file z:/build/build/src/ipc/chromium/src/chrome/common/ipc_channel_win.cc, line 346
[Child 47524, Chrome_ChildThread] WARNING:
###!!! [Child][MessageChannel::SendAndWait] Error: Channel error: cannot send/recv

1530011228600	geckodriver	INFO	geckodriver 0.21.0
1530011228609	geckodriver	INFO	Listening on 127.0.0.1:53838
1530011231655	mozrunner::runner	INFO	Running command: "C:\\Program Files\\Mozilla Firefox\\firefox.exe" "-marionette" "-foreground" "-no-remote" "-profile" "C:\\Users\\NILABJ~1.SAN\\AppData\\Local\\Temp\\rust_mozprofile.3FrH8sYajRQ9"
Unable to read VR Path Registry from C:\Users\nilabjo.sanyal\AppData\Local\openvr\openvrpaths.vrpath
Unable to read VR Path Registry from C:\Users\nilabjo.sanyal\AppData\Local\openvr\openvrpaths.vrpath
Unable to read VR Path Registry from C:\Users\nilabjo.sanyal\AppData\Local\openvr\openvrpaths.vrpath
Unable to read VR Path Registry from C:\Users\nilabjo.sanyal\AppData\Local\openvr\openvrpaths.vrpath
[Parent 32308, Gecko_IOThread] WARNING: pipe error: 109: file z:/build/build/src/ipc/chromium/src/chrome/common/ipc_channel_win.cc, line 346
[Child 44528, Chrome_ChildThread] WARNING: pipe error: 109: file z:/build/build/src/ipc/chromium/src/chrome/common/ipc_channel_win.cc, line 346
[Child 44528, Chrome_ChildThread] WARNING: pipe error: 109: file z:/build/build/src/ipc/chromium/src/chrome/common/ipc_channel_win.cc, line 346
1530011258971	Marionette	INFO	Listening on port 53846
1530011259443	Marionette	WARN	TLS certificate errors will be ignored for this session
Unable to read VR Path Registry from C:\Users\nilabjo.sanyal\AppData\Local\openvr\openvrpaths.vrpath
Unable to read VR Path Registry from C:\Users\nilabjo.sanyal\AppData\Local\openvr\openvrpaths.vrpath
[Child 14084, Chrome_ChildThread] WARNING: pipe error: 109: file z:/build/build/src/ipc/chromium/src/chrome/common/ipc_channel_win.cc, line 346
[Child 14084, Chrome_ChildThread] WARNING: pipe error: 109: file z:/build/build/src/ipc/chromium/src/chrome/common/ipc_[Child 38724, Chrome_ChildThread] WARNING: pipe error: 109: file z:/build/build/src/ipc/chromium/src/chrome/common/ipc_channel_win.cc, line 346
[[Parent 32308, Gecko_IOThread] WARNING: pipe error: 109: file z:/build/build/src/ipc/chromium/src/chrome/common/ipc_channel_win.cc, line 346
[Child 14012, Chrome_ChildThread] WARNING: pipe error: 109: file z:/build/build/src/ipc/chromium/src/chrome/common/ipc_channel_win.cc, line 346
[Child 14012, Chrome_ChildThread] WARNING: pipe error: 109: file z:/build/build/src/ipc/chromium/src/chrome/common/ipc_channel_win.cc, line 346
[GPU 40528, Chrome_
###!!! [Child][MessageChannel::SendAndWait] Error: Channel error: cannot send/recv

anyal\AppData\Local\openvr\openvrpaths.vrpath
[Child 43388, Chrome_ChildThread] WARNING: pipe error: 109: file z:/build/build/src/ipc/chromium/src/chrome/common/ipc_channel_win.cc, line 346
[Child 43388, Chrome_Chil[Parent 48636, Gecko_IOThread] WARNING: pipe error: 109: file z:/build/build/src/ipc/chromium/src/chrome/common/ipc_channel_win.cc, line 346

###!!! [Child][MessageChannel::SendAndWait] Error: Channel error: cannot send/recv

ng on 127.0.0.1:54117
1530011494279	mozrunner::runner	INFO	Running command: "C:\\Program Files\\Mozilla Firefox\\firefox.exe" "-marionette" "-foreground" "-no-remote" "-profile" "C:\\Users\\NILABJ~1.SAN\\AppData\\Local\\Temp\\rust_mozprofile.oNmSd2nmr8z4"
Unable to read VR Path Registry from C:\Users\nilabjo.sanyal\AppData\Local\openvr\openvrpaths.vrpath
Unable to read VR Path Registry from C:\Users\nilabjo.sanyal\AppData\Local\openvr\openvrpaths.vrpath
Unable to read VR Path Registry from C:\Users\nilabjo.sanyal\AppData\Local\openvr\openvrpaths.vrpath
Unable to read VR Path Registry from C:\Users\nilabjo.sanyal\AppData\Local\openvr\openvrpaths.vrpath
1530011511045	Marionette	INFO	Listening on port 54128
Unable to read VR Path Registry from C:\Users\nilabjo.sanyal\AppData\Local\openvr\openvrpaths.vrpath
1530011512751	Marionette	WARN	TLS certificate errors will be ignored for this session
[Parent 34040, Gecko_IOThread] WARNING: pipe error: 109: file z:/build/build/src/ipc/chromium/src/chrome/common/ipc_channel_win.cc, line 346
[Parent 34040, Gecko_IOThread] WARNING: pipe error: 109: file z:/build/build/src/ipc/chromium/src/chrome/common/ipc_channel_win.cc, line 346
[Child 2940, Chrome_ChildThread] WARNING: pipe error: 109: file z:/build/build/src/ipc/chromium/src/chrome/common/ipc_ch[Child 25352, Chrome_ChildThread] WARNING: pipe error: 109: file z:/build/build/src/ipc/chromium/src/chrome/common/ipc_channel_win.cc, line 346
annel_win.c[Child 2c, line 346
[Child 2940, Chrome[Parent 34040, Gecko_IOThread] WARNING: pipe error: 109: file z:/build/build/src/ipc/chromium/src/chrome/common/ipc_channel_win.cc, line 346
[Child 4000, Chrome_ChildThread] WARNING: pipe error: 109: file z:/build/build/src/ipc/chromium/src/chrome/common/ipc_channel_win.cc, line 346
[Child 4Unable to read VR Path Registry from C:\Users\nilabjo.sanyal\AppData\Local\openvr\openvrpaths.vrpath
